[    0.000000] Linux version 4.15.0-210-generic (buildd@lcy02-amd64-056) (gcc version 7.5.0 (Ubuntu 7.5.0-3ubuntu1~18.04)) #221-Ubuntu SMP Tue Apr 18 08:32:52 UTC 2023 (Ubuntu 4.15.0-210.221-generic 4.15.18)
[    0.000000] Command line: BOOT_IMAGE=/boot/vmlinuz-4.15.0-210-generic root=LABEL=cloudimg-rootfs ro console=tty1 console=ttyS0
[    0.000000] KERNEL supported cpus:
[    0.000000]   Intel GenuineIntel
[    0.000000]   AMD AuthenticAMD
[    0.000000]   Centaur CentaurHauls
[    0.000000] x86/fpu: x87 FPU will use FXSAVE
[    0.000000] e820: BIOS-provided physical RAM map:
[    0.000000] BIOS-e820: [mem 0x0000000000000000-0x000000000009fbff] usable
[    0.000000] BIOS-e820: [mem 0x000000000009fc00-0x000000000009ffff] reserved
[    0.000000] BIOS-e820: [mem 0x00000000000f0000-0x00000000000fffff] reserved
[    0.000000] BIOS-e820: [mem 0x0000000000100000-0x000000003ffeffff] usable
[    0.000000] BIOS-e820: [mem 0x000000003fff0000-0x000000003fffffff] ACPI data
[    0.000000] BIOS-e820: [mem 0x00000000fec00000-0x00000000fec00fff] reserved
[    0.000000] BIOS-e820: [mem 0x00000000fee00000-0x00000000fee00fff] reserved
[    0.000000] BIOS-e820: [mem 0x00000000fffc0000-0x00000000ffffffff] reserved
[    0.000000] NX (Execute Disable) protection: active
[    0.000000] SMBIOS 2.5 present.
[    0.000000] DMI: innotek GmbH VirtualBox/VirtualBox, BIOS VirtualBox 12/01/2006
[    0.000000] Hypervisor detected: KVM
[    0.000000] e820: last_pfn = 0x3fff0 max_arch_pfn = 0x400000000
[    0.000000] MTRR: Disabled
[    0.000000] x86/PAT: MTRRs disabled, skipping PAT initialization too.
[    0.000000] CPU MTRRs all blank - virtualized system.
[    0.000000] x86/PAT: Configuration [0-7]: WB  WT  UC- UC  WB  WT  UC- UC  
[    0.000000] found SMP MP-table at [mem 0x0009fff0-0x0009ffff]
[    0.000000] Scanning 1 areas for low memory corruption
[    0.000000] RAMDISK: [mem 0x359c9000-0x36cdbfff]
[    0.000000] ACPI: Early table checksum verification disabled
[    0.000000] ACPI: RSDP 0x00000000000E0000 000024 (v02 VBOX  )
[    0.000000] ACPI: XSDT 0x000000003FFF0030 00003C (v01 VBOX   VBOXXSDT 00000001 ASL  00000061)
[    0.000000] ACPI: FACP 0x000000003FFF00F0 0000F4 (v04 VBOX   VBOXFACP 00000001 ASL  00000061)
[    0.000000] ACPI: DSDT 0x000000003FFF0470 002325 (v02 VBOX   VBOXBIOS 00000002 INTL 20100528)
[    0.000000] ACPI: FACS 0x000000003FFF0200 000040
[    0.000000] ACPI: FACS 0x000000003FFF0200 000040
[    0.000000] ACPI: APIC 0x000000003FFF0240 00005C (v02 VBOX   VBOXAPIC 00000001 ASL  00000061)
[    0.000000] ACPI: SSDT 0x000000003FFF02A0 0001CC (v01 VBOX   VBOXCPUT 00000002 INTL 20100528)
[    0.000000] ACPI: Reserving FACP table memory at [mem 0x3fff00f0-0x3fff01e3]
[    0.000000] ACPI: Reserving DSDT table memory at [mem 0x3fff0470-0x3fff2794]
[    0.000000] ACPI: Reserving FACS table memory at [mem 0x3fff0200-0x3fff023f]
[    0.000000] ACPI: Reserving FACS table memory at [mem 0x3fff0200-0x3fff023f]
[    0.000000] ACPI: Reserving APIC table memory at [mem 0x3fff0240-0x3fff029b]
[    0.000000] ACPI: Reserving SSDT table memory at [mem 0x3fff02a0-0x3fff046b]
[    0.000000] No NUMA configuration found
[    0.000000] Faking a node at [mem 0x0000000000000000-0x000000003ffeffff]
[    0.000000] NODE_DATA(0) allocated [mem 0x3ffc5000-0x3ffeffff]
[    0.000000] kvm-clock: cpu 0, msr 0:3ff44001, primary cpu clock
[    0.000000] kvm-clock: Using msrs 4b564d01 and 4b564d00
[    0.000000] kvm-clock: using sched offset of 4076792120 cycles
[    0.000000] clocksource: kvm-clock: mask: 0xffffffffffffffff max_cycles: 0x1cd42e4dffb, max_idle_ns: 881590591483 ns
[    0.000000] Zone ranges:
[    0.000000]   DMA      [mem 0x0000000000001000-0x0000000000ffffff]
[    0.000000]   DMA32    [mem 0x0000000001000000-0x000000003ffeffff]
[    0.000000]   Normal   empty
[    0.000000]   Device   empty
[    0.000000] Movable zone start for each node
[    0.000000] Early memory node ranges
[    0.000000]   node   0: [mem 0x0000000000001000-0x000000000009efff]
[    0.000000]   node   0: [mem 0x0000000000100000-0x000000003ffeffff]
[    0.000000] Reserved but unavailable: 104 pages
[    0.000000] Initmem setup node 0 [mem 0x0000000000001000-0x000000003ffeffff]
[    0.000000] ACPI: PM-Timer IO Port: 0x4008
[    0.000000] IOAPIC[0]: apic_id 2, version 32, address 0xfec00000, GSI 0-23
[    0.000000] ACPI: INT_SRC_OVR (bus 0 bus_irq 0 global_irq 2 dfl dfl)
[    0.000000] ACPI: INT_SRC_OVR (bus 0 bus_irq 9 global_irq 9 low level)
[    0.000000] Using ACPI (MADT) for SMP configuration information
[    0.000000] smpboot: Allowing 2 CPUs, 0 hotplug CPUs
[    0.000000] PM: Registered nosave memory: [mem 0x00000000-0x00000fff]
[    0.000000] PM: Registered nosave memory: [mem 0x0009f000-0x0009ffff]
[    0.000000] PM: Registered nosave memory: [mem 0x000a0000-0x000effff]
[    0.000000] PM: Registered nosave memory: [mem 0x000f0000-0x000fffff]
[    0.000000] e820: [mem 0x40000000-0xfebfffff] available for PCI devices
[    0.000000] Booting paravirtualized kernel on KVM
[    0.000000] clocksource: refined-jiffies: mask: 0xffffffff max_cycles: 0xffffffff, max_idle_ns: 7645519600211568 ns
[    0.000000] setup_percpu: NR_CPUS:8192 nr_cpumask_bits:2 nr_cpu_ids:2 nr_node_ids:1
[    0.000000] percpu: Embedded 50 pages/cpu s167936 r8192 d28672 u1048576
[    0.000000] PV qspinlock hash table entries: 256 (order: 0, 4096 bytes)
[    0.000000] Built 1 zonelists, mobility grouping on.  Total pages: 257913
[    0.000000] Policy zone: DMA32
[    0.000000] Kernel command line: BOOT_IMAGE=/boot/vmlinuz-4.15.0-210-generic root=LABEL=cloudimg-rootfs ro console=tty1 console=ttyS0
[    0.000000] Memory: 982640K/1048120K available (12300K kernel code, 2477K rwdata, 4324K rodata, 2480K init, 2720K bss, 65480K reserved, 0K cma-reserved)
[    0.000000] SLUB: HWalign=64, Order=0-3, MinObjects=0, CPUs=2, Nodes=1
[    0.000000] Kernel/User page tables isolation: enabled
[    0.000000] ftrace: allocating 39506 entries in 155 pages
[    0.004000] Hierarchical RCU implementation.
[    0.004000] 	RCU restricting CPUs from NR_CPUS=8192 to nr_cpu_ids=2.
[    0.004000] 	Tasks RCU enabled.
[    0.004000] RCU: Adjusting geometry for rcu_fanout_leaf=16, nr_cpu_ids=2
[    0.004000] NR_IRQS: 524544, nr_irqs: 440, preallocated irqs: 16
[    0.004000] Console: colour VGA+ 80x25
[    0.004000] console [tty1] enabled
[    0.004000] console [ttyS0] enabled
[    0.004000] ACPI: Core revision 20170831
[    0.004000] ACPI: 2 ACPI AML tables successfully acquired and loaded
[    0.004000] APIC: Switch to symmetric I/O mode setup
[    0.004000] ..TIMER: vector=0x30 apic1=0 pin1=2 apic2=-1 pin2=-1
[    0.004000] tsc: Detected 3998.850 MHz processor
[    0.004000] Calibrating delay loop (skipped) preset value.. 7997.70 BogoMIPS (lpj=15995400)
[    0.004000] pid_max: default: 32768 minimum: 301
[    0.004115] Security Framework initialized
[    0.008018] Yama: becoming mindful.
[    0.012119] AppArmor: AppArmor initialized
[    0.024553] Dentry cache hash table entries: 131072 (order: 8, 1048576 bytes)
[    0.032156] Inode-cache hash table entries: 65536 (order: 7, 524288 bytes)
[    0.036087] Mount-cache hash table entries: 2048 (order: 2, 16384 bytes)
[    0.040059] Mountpoint-cache hash table entries: 2048 (order: 2, 16384 bytes)
[    0.048239] Last level iTLB entries: 4KB 1024, 2MB 1024, 4MB 1024
[    0.052006] Last level dTLB entries: 4KB 1024, 2MB 1024, 4MB 1024, 1GB 4
[    0.056004] Spectre V1 : Mitigation: usercopy/swapgs barriers and __user pointer sanitization
[    0.060005] Spectre V2 : Mitigation: Retpolines
[    0.064004] Spectre V2 : Spectre v2 / SpectreRSB mitigation: Filling RSB on context switch
[    0.068005] Spectre V2 : Spectre v2 / SpectreRSB : Filling RSB on VMEXIT
[    0.072004] Speculative Store Bypass: Vulnerable
[    0.076043] MDS: Mitigation: Clear CPU buffers
[    0.080003] MMIO Stale Data: Unknown: No mitigations
[    0.084140] Freeing SMP alternatives memory: 36K
[    0.203395] smpboot: CPU0: Intel(R) Core(TM) i7-4790K CPU @ 4.00GHz (family: 0x6, model: 0x3c, stepping: 0x3)
[    0.208537] Performance Events: unsupported p6 CPU model 60 no PMU driver, software events only.
[    0.212129] Hierarchical SRCU implementation.
[    0.216786] NMI watchdog: Perf event create on CPU 0 failed with -2
[    0.220002] NMI watchdog: Perf NMI watchdog permanently disabled
[    0.224358] smp: Bringing up secondary CPUs ...
[    0.228896] x86: Booting SMP configuration:
[    0.232003] .... node  #0, CPUs:      #1
[    0.004000] kvm-clock: cpu 1, msr 0:3ff44041, secondary cpu clock
[    0.244000] TSC synchronization [CPU#0 -> CPU#1]:
[    0.244000] Measured 318386 cycles TSC warp between CPUs, turning off TSC clock.
[    0.244000] tsc: Marking TSC unstable due to check_tsc_sync_source failed
[    0.252126] smp: Brought up 1 node, 2 CPUs
[    0.256005] smpboot: Max logical packages: 1
[    0.260004] smpboot: Total of 2 processors activated (15995.40 BogoMIPS)
[    0.264497] devtmpfs: initialized
[    0.268117] x86/mm: Memory block size: 128MB
[    0.272539] evm: security.selinux
[    0.275532] evm: security.SMACK64
[    0.276007] evm: security.SMACK64EXEC
[    0.280004] evm: security.SMACK64TRANSMUTE
[    0.284003] evm: security.SMACK64MMAP
[    0.287356] evm: security.apparmor
[    0.288004] evm: security.ima
[    0.292003] evm: security.capability
[    0.296364] clocksource: jiffies: mask: 0xffffffff max_cycles: 0xffffffff, max_idle_ns: 7645041785100000 ns
[    0.300016] futex hash table entries: 512 (order: 3, 32768 bytes)
[    0.308117] pinctrl core: initialized pinctrl subsystem
[    0.312217] RTC time: 16:41:26, date: 05/12/23
[    0.316724] NET: Registered protocol family 16
[    0.320108] audit: initializing netlink subsys (disabled)
[    0.324186] audit: type=2000 audit(1683909691.161:1): state=initialized audit_enabled=0 res=1
[    0.336007] cpuidle: using governor ladder
[    0.340009] cpuidle: using governor menu
[    0.343865] ACPI: bus type PCI registered
[    0.344005] acpiphp: ACPI Hot Plug PCI Controller Driver version: 0.5
[    0.348519] PCI: Using configuration type 1 for base access
[    0.356303] HugeTLB registered 2.00 MiB page size, pre-allocated 0 pages
[    0.364315] ACPI: Added _OSI(Module Device)
[    0.368003] ACPI: Added _OSI(Processor Device)
[    0.371731] ACPI: Added _OSI(3.0 _SCP Extensions)
[    0.372004] ACPI: Added _OSI(Processor Aggregator Device)
[    0.376005] ACPI: Added _OSI(Linux-Dell-Video)
[    0.380004] ACPI: Added _OSI(Linux-Lenovo-NV-HDMI-Audio)
[    0.384000] ACPI: Added _OSI(Linux-HPI-Hybrid-Graphics)
[    0.388710] ACPI: Executed 1 blocks of module-level executable AML code
[    0.398135] ACPI: Interpreter enabled
[    0.400016] ACPI: (supports S0 S5)
[    0.404005] ACPI: Using IOAPIC for interrupt routing
[    0.408259] PCI: Using host bridge windows from ACPI; if necessary, use "pci=nocrs" and report a bug
[    0.412308] ACPI: Enabled 2 GPEs in block 00 to 07
[    0.427667] ACPI: PCI Root Bridge [PCI0] (domain 0000 [bus 00-ff])
[    0.428009] acpi PNP0A03:00: _OSC: OS supports [ASPM ClockPM Segments MSI]
[    0.432895] acpi PNP0A03:00: _OSC: not requesting OS control; OS requires [ExtendedConfig ASPM ClockPM MSI]
[    0.436017] acpi PNP0A03:00: fail to add MMCONFIG information, can't access extended PCI configuration space under this bridge.
[    0.440850] PCI host bridge to bus 0000:00
[    0.444005] pci_bus 0000:00: root bus resource [io  0x0000-0x0cf7 window]
[    0.448004] pci_bus 0000:00: root bus resource [io  0x0d00-0xffff window]
[    0.452004] pci_bus 0000:00: root bus resource [mem 0x000a0000-0x000bffff window]
[    0.456007] pci_bus 0000:00: root bus resource [mem 0x40000000-0xfdffffff window]
[    0.460005] pci_bus 0000:00: root bus resource [bus 00-ff]
[    0.474560] pci 0000:00:01.1: legacy IDE quirk: reg 0x10: [io  0x01f0-0x01f7]
[    0.476006] pci 0000:00:01.1: legacy IDE quirk: reg 0x14: [io  0x03f6]
[    0.480004] pci 0000:00:01.1: legacy IDE quirk: reg 0x18: [io  0x0170-0x0177]
[    0.484008] pci 0000:00:01.1: legacy IDE quirk: reg 0x1c: [io  0x0376]
[    0.510051] pci 0000:00:07.0: quirk: [io  0x4000-0x403f] claimed by PIIX4 ACPI
[    0.512063] pci 0000:00:07.0: quirk: [io  0x4100-0x410f] claimed by PIIX4 SMB
[    0.527657] ACPI: PCI Interrupt Link [LNKA] (IRQs 5 9 10 *11)
[    0.528688] ACPI: PCI Interrupt Link [LNKB] (IRQs 5 9 *10 11)
[    0.532237] ACPI: PCI Interrupt Link [LNKC] (IRQs 5 *9 10 11)
[    0.536232] ACPI: PCI Interrupt Link [LNKD] (IRQs 5 9 10 *11)
[    0.540818] SCSI subsystem initialized
[    0.544186] pci 0000:00:02.0: vgaarb: setting as boot VGA device
[    0.548000] pci 0000:00:02.0: vgaarb: VGA device added: decodes=io+mem,owns=io+mem,locks=none
[    0.548007] pci 0000:00:02.0: vgaarb: bridge control possible
[    0.552004] vgaarb: loaded
[    0.556085] ACPI: bus type USB registered
[    0.560021] usbcore: registered new interface driver usbfs
[    0.564033] usbcore: registered new interface driver hub
[    0.568012] usbcore: registered new device driver usb
[    0.572244] EDAC MC: Ver: 3.0.0
[    0.580012] PCI: Using ACPI for IRQ routing
[    0.584822] NetLabel: Initializing
[    0.588002] NetLabel:  domain hash size = 128
[    0.592003] NetLabel:  protocols = UNLABELED CIPSOv4 CALIPSO
[    0.596020] NetLabel:  unlabeled traffic allowed by default
[    0.600218] clocksource: Switched to clocksource kvm-clock
[    0.621069] VFS: Disk quotas dquot_6.6.0
[    0.621069] VFS: Dquot-cache hash table entries: 512 (order 0, 4096 bytes)
[    0.621069] AppArmor: AppArmor Filesystem Enabled
[    0.621069] pnp: PnP ACPI init
[    0.621069] pnp: PnP ACPI: found 3 devices
[    0.705637] clocksource: acpi_pm: mask: 0xffffff max_cycles: 0xffffff, max_idle_ns: 2085701024 ns
[    0.708642] NET: Registered protocol family 2
[    0.708642] IP idents hash table entries: 16384 (order: 5, 131072 bytes)
[    0.724161] TCP established hash table entries: 8192 (order: 4, 65536 bytes)
[    0.730910] TCP bind hash table entries: 8192 (order: 5, 131072 bytes)
[    0.734660] TCP: Hash tables configured (established 8192 bind 8192)
[    0.734660] UDP hash table entries: 512 (order: 2, 16384 bytes)
[    0.734660] UDP-Lite hash table entries: 512 (order: 2, 16384 bytes)
[    0.734660] NET: Registered protocol family 1
[    0.734660] pci 0000:00:00.0: Limiting direct PCI/PCI transfers
[    0.734660] pci 0000:00:01.0: Activating ISA DMA hang workarounds
[    0.734660] pci 0000:00:02.0: Video device with shadowed ROM at [mem 0x000c0000-0x000dffff]
[    0.734660] Unpacking initramfs...
[    1.207344] Freeing initrd memory: 19532K
[    1.213655] clocksource: tsc: mask: 0xffffffffffffffff max_cycles: 0x73483c51819, max_idle_ns: 881590446792 ns
[    1.222818] platform rtc_cmos: registered platform RTC device (no PNP device found)
[    1.229789] Scanning for low memory corruption every 60 seconds
[    1.237334] Initialise system trusted keyrings
[    1.241715] Key type blacklist registered
[    1.246634] workingset: timestamp_bits=36 max_order=18 bucket_order=0
[    1.255843] zbud: loaded
[    1.259565] squashfs: version 4.0 (2009/01/31) Phillip Lougher
[    1.265682] fuse init (API version 7.26)
[    1.290591] Key type asymmetric registered
[    1.294564] Asymmetric key parser 'x509' registered
[    1.299095] Block layer SCSI generic (bsg) driver version 0.4 loaded (major 246)
[    1.305877] io scheduler noop registered
[    1.309840] io scheduler deadline registered
[    1.313555] io scheduler cfq registered (default)
[    1.318334] ACPI: AC Adapter [AC] (on-line)
[    1.322329] input: Power Button as /devices/LNXSYSTM:00/LNXPWRBN:00/input/input0
[    1.329214] ACPI: Power Button [PWRF]
[    1.332920] input: Sleep Button as /devices/LNXSYSTM:00/LNXSLPBN:00/input/input1
[    1.339216] ACPI: Sleep Button [SLPF]
[    1.344671] Serial: 8250/16550 driver, 32 ports, IRQ sharing enabled
[    1.377421] 00:02: ttyS0 at I/O 0x3f8 (irq = 4, base_baud = 115200) is a 16550A
[    1.400502] Linux agpgart interface v0.103
[    1.414684] loop: module loaded
[    1.426537] scsi host0: ata_piix
[    1.434369] scsi host1: ata_piix
[    1.438294] ata1: PATA max UDMA/33 cmd 0x1f0 ctl 0x3f6 bmdma 0xd000 irq 14
[    1.438294] ata2: PATA max UDMA/33 cmd 0x170 ctl 0x376 bmdma 0xd008 irq 15
[    1.452530] tun: Universal TUN/TAP device driver, 1.6
[    1.459471] PPP generic driver version 2.4.2
[    1.464522] ehci_hcd: USB 2.0 'Enhanced' Host Controller (EHCI) Driver
[    1.471752] ehci-pci: EHCI PCI platform driver
[    1.476488] ehci-platform: EHCI generic platform driver
[    1.482829] ohci_hcd: USB 1.1 'Open' Host Controller (OHCI) Driver
[    1.488717] ohci-pci: OHCI PCI platform driver
[    1.493126] ohci-platform: OHCI generic platform driver
[    1.498514] uhci_hcd: USB Universal Host Controller Interface driver
[    1.504819] i8042: PNP: PS/2 Controller [PNP0303:PS2K,PNP0f03:PS2M] at 0x60,0x64 irq 1,12
[    1.516802] serio: i8042 KBD port at 0x60,0x64 irq 1
[    1.521522] serio: i8042 AUX port at 0x60,0x64 irq 12
[    1.526643] mousedev: PS/2 mouse device common for all mice
[    1.536164] input: AT Translated Set 2 keyboard as /devices/platform/i8042/serio0/input/input2
[    1.544363] rtc_cmos rtc_cmos: rtc core: registered rtc_cmos as rtc0
[    1.550507] rtc_cmos rtc_cmos: alarms up to one day, 114 bytes nvram
[    1.556218] i2c /dev entries driver
[    1.559814] device-mapper: uevent: version 1.0.3
[    1.564935] device-mapper: ioctl: 4.37.0-ioctl (2017-09-20) initialised: dm-devel@redhat.com
[    1.573267] ledtrig-cpu: registered to indicate activity on CPUs
[    1.581341] NET: Registered protocol family 10
[    1.594557] Segment Routing with IPv6
[    1.598959] NET: Registered protocol family 17
[    1.603863] Key type dns_resolver registered
[    1.609297] mce: Using 0 MCE banks
[    1.620201] RAS: Correctable Errors collector initialized.
[    1.625643] sched_clock: Marking stable (1625490038, 0)->(2410484827, -784994789)
[    1.673515] registered taskstats version 1
[    1.677261] Loading compiled-in X.509 certificates
[    1.687068] Loaded X.509 cert 'Build time autogenerated kernel key: 53bf99db7da04c05fe17f7beec9ce15c83db2223'
[    1.696617] Loaded X.509 cert 'Canonical Ltd. Live Patch Signing: 14df34d1a87cf37625abec039ef2bf521249b969'
[    1.705939] Loaded X.509 cert 'Canonical Ltd. Kernel Module Signing: 88f752e560a1e0737e31163a466ad7b70a850c19'
[    1.714697] blacklist: Loading compiled-in revocation X.509 certificates
[    1.721523] Loaded X.509 cert 'Canonical Ltd. Secure Boot Signing: 61482aa2830d0ab2ad5af10b7250da9033ddcef0'
[    1.730261] Loaded X.509 cert 'Canonical Ltd. Secure Boot Signing (2017): 242ade75ac4a15e50d50c84b0d45ff3eae707a03'
[    1.739776] Loaded X.509 cert 'Canonical Ltd. Secure Boot Signing (ESM 2018): 365188c1d374d6b07c3c8f240f8ef722433d6a8b'
[    1.749274] Loaded X.509 cert 'Canonical Ltd. Secure Boot Signing (2019): c0746fd6c5da3ae827864651ad66ae47fe24b3e8'
[    1.758225] Loaded X.509 cert 'Canonical Ltd. Secure Boot Signing (2021 v1): a8d54bbb3825cfb94fa13c9f8a594a195c107b8d'
[    1.767598] Loaded X.509 cert 'Canonical Ltd. Secure Boot Signing (2021 v2): 4cf046892d6fd3c9a5b03f98d845f90851dc6a8c'
[    1.777019] Loaded X.509 cert 'Canonical Ltd. Secure Boot Signing (2021 v3): 100437bb6de6e469b581e61cd66bce3ef4ed53af'
[    1.786641] Loaded X.509 cert 'Canonical Ltd. Secure Boot Signing (Ubuntu Core 2019): c1d57b8f6b743f23ee41f4f7ee292f06eecadfb9'
[    1.796860] zswap: loaded using pool lzo/zbud
[    1.810036] Key type big_key registered
[    1.813627] Key type trusted registered
[    1.820925] Key type encrypted registered
[    1.824706] AppArmor: AppArmor sha1 policy hashing enabled
[    1.829714] ima: No TPM chip found, activating TPM-bypass! (rc=-19)
[    1.835230] ima: Allocated hash algorithm: sha1
[    1.839691] evm: HMAC attrs: 0x1
[    1.843508]   Magic number: 7:724:691
[    1.847214] rtc_cmos rtc_cmos: setting system clock to 2023-05-12 16:41:27 UTC (1683909687)
[    1.855272] BIOS EDD facility v0.16 2004-Jun-25, 0 devices found
[    1.860924] EDD information not available.
[    1.868266] Freeing unused kernel image memory: 2480K
[    1.896540] Write protecting the kernel read-only data: 20480k
[    1.902766] Freeing unused kernel image memory: 2008K
[    1.907813] Freeing unused kernel image memory: 1820K
[    1.918398] x86/mm: Checked W+X mappings: passed, no W+X pages found.
[    1.924288] x86/mm: Checking user space page tables
[    1.933431] x86/mm: Checked W+X mappings: passed, no W+X pages found.
Loading, please wait...
starting version 237
[    2.026718] e1000: Intel(R) PRO/1000 Network Driver - version 7.3.21-k8-NAPI
[    2.035108] e1000: Copyright (c) 1999-2006 Intel Corporation.
[    2.048984] Fusion MPT base driver 3.04.20
[    2.054175] Copyright (c) 1999-2008 LSI Corporation
[    2.093305] Fusion MPT SPI Host driver 3.04.20
[    2.280818] input: ImExPS/2 Generic Explorer Mouse as /devices/platform/i8042/serio1/input/input4
[    2.736770] e1000 0000:00:03.0 eth0: (PCI:33MHz:32-bit) 02:3e:6f:b6:28:d7
[    2.743896] e1000 0000:00:03.0 eth0: Intel(R) PRO/1000 Network Connection
[    3.400642] e1000 0000:00:08.0 eth1: (PCI:33MHz:32-bit) 08:00:27:15:69:9b
[    3.407118] e1000 0000:00:08.0 eth1: Intel(R) PRO/1000 Network Connection
[    3.418039] e1000 0000:00:08.0 enp0s8: renamed from eth1
[    3.425241] mptbase: ioc0: Initiating bringup
[    3.440943] e1000 0000:00:03.0 enp0s3: renamed from eth0
[    6.183424] ioc0: LSI53C1030 A0: Capabilities={Initiator}
[    8.070138] scsi host2: ioc0: LSI53C1030 A0, FwRev=00000000h, Ports=1, MaxQ=256, IRQ=20
[    8.290100] scsi 2:0:0:0: Direct-Access     VBOX     HARDDISK         1.0  PQ: 0 ANSI: 5
[   10.174513] scsi target2:0:0: Beginning Domain Validation
[   10.185144] scsi target2:0:0: Domain Validation skipping write tests
[   10.190716] scsi target2:0:0: Ending Domain Validation
[   10.195464] scsi target2:0:0: asynchronous
[   10.200934] scsi 2:0:1:0: Direct-Access     VBOX     HARDDISK         1.0  PQ: 0 ANSI: 5
[   11.431877] scsi target2:0:1: Beginning Domain Validation
[   11.442080] scsi target2:0:1: Domain Validation skipping write tests
[   11.447809] scsi target2:0:1: Ending Domain Validation
[   11.453148] scsi target2:0:1: asynchronous
[   11.470153] sd 2:0:0:0: Attached scsi generic sg0 type 0
[   11.479835] sd 2:0:1:0: Attached scsi generic sg1 type 0
[   11.487905] sd 2:0:0:0: [sda] 83886080 512-byte logical blocks: (42.9 GB/40.0 GiB)
[   11.502101] sd 2:0:1:0: [sdb] 20480 512-byte logical blocks: (10.5 MB/10.0 MiB)
[   11.511427] sd 2:0:0:0: [sda] Write Protect is off
[   11.517236] sd 2:0:1:0: [sdb] Write Protect is off
[   11.524152] sd 2:0:0:0: [sda] Incomplete mode parameter data
[   11.529476] sd 2:0:0:0: [sda] Assuming drive cache: write through
[   11.535645] sd 2:0:1:0: [sdb] Incomplete mode parameter data
[   11.539220]  sda: sda1
[   11.541429] sd 2:0:1:0: [sdb] Assuming drive cache: write through
[   11.554624] sd 2:0:0:0: [sda] Attached SCSI disk
[   11.562859] sd 2:0:1:0: [sdb] Attached SCSI disk
Begin: Loading essential drivers ... [   13.728140] raid6: sse2x1   gen() 12974 MB/s
[   13.780144] raid6: sse2x1   xor()  8861 MB/s
[   13.828650] raid6: sse2x2   gen() 14956 MB/s
[   13.880481] raid6: sse2x2   xor()  9453 MB/s
[   13.932081] raid6: sse2x4   gen() 17076 MB/s
[   13.984159] raid6: sse2x4   xor() 10804 MB/s
[   13.988407] raid6: using algorithm sse2x4 gen() 17076 MB/s
[   13.993509] raid6: .... xor() 10804 MB/s, rmw enabled
[   13.998304] raid6: using ssse3x2 recovery algorithm
[   14.005549] xor: measuring software checksum speed
[   14.048676]    prefetch64-sse: 23390.000 MB/sec
[   14.092551]    generic_sse: 21461.000 MB/sec
[   14.096486] xor: using function: prefetch64-sse (23390.000 MB/sec)
[   14.103643] async_tx: api initialized (async)
done.
Begin: Running /scripts/init-premount ... done.
Begin: Mounting root file system ... Begin: Running /scripts/local-top ... done.
Begin: Running /scripts/local-premount ... [   14.162521] Btrfs loaded, crc32c=crc32c-intel
Scanning for Btrfs filesystems
done.
Warning: fsck not present, so skipping root file system
[   14.217348] EXT4-fs (sda1): mounted filesystem with ordered data mode. Opts: (null)
done.
Begin: Running /scripts/local-bottom ... done.
Begin: Running /scripts/init-bottom ... done.
[   14.453674] ip_tables: (C) 2000-2006 Netfilter Core Team
[   14.480539] systemd[1]: systemd 237 running in system mode. (+PAM +AUDIT +SELINUX +IMA +APPARMOR +SMACK +SYSVINIT +UTMP +LIBCRYPTSETUP +GCRYPT +GNUTLS +ACL +XZ +LZ4 +SECCOMP +BLKID +ELFUTILS +KMOD -IDN2 +IDN -PCRE2 default-hierarchy=hybrid)
[   14.499578] systemd[1]: Detected virtualization oracle.
[   14.504954] systemd[1]: Detected architecture x86-64.

Welcome to [1mUbuntu 18.04.6 LTS[0m!

[   14.538799] systemd[1]: Set hostname to <ubuntu>.
[   14.551967] random: systemd: uninitialized urandom read (16 bytes read)
[   14.560194] systemd[1]: Initializing machine ID from random generator.
[   14.566504] systemd[1]: Installed transient /etc/machine-id file.
[   14.940776] random: systemd: uninitialized urandom read (16 bytes read)
[   14.958029] systemd[1]: Created slice User and Session Slice.
[[0;32m  OK  [0m] Created slice User and Session Slice.
[   14.968133] random: systemd: uninitialized urandom read (16 bytes read)
[   14.974631] systemd[1]: Set up automount Arbitrary Executable File Formats File System Automount Point.
[[0;32m  OK  [0m] Set up automount Arbitrary Executab…rmats File System Automount Point.
[   14.988599] systemd[1]: Started Forward Password Requests to Wall Directory Watch.
[[0;32m  OK  [0m] Started Forward Password Requests to Wall Directory Watch.
[   15.000587] systemd[1]: Reached target System Time Synchronized.
[[0;32m  OK  [0m] Reached target System Time Synchronized.
[[0;32m  OK  [0m] Created slice System Slice.
[[0;32m  OK  [0m] Listening on udev Kernel Socket.
[[0;32m  OK  [0m] Listening on udev Control Socket.
[[0;32m  OK  [0m] Listening on Journal Socket.
         Starting Load Kernel Modules...
         Mounting POSIX Message Queue File System...
[[0;32m  OK  [0m] Listening on /dev/initctl Compatibility Named Pipe.
         Starting udev Coldplug all Devices...
[   15.050745] Loading iSCSI transport class v2.0-870.
[[0;32m  OK  [0m] Listening on Journal Audit Socket.
[[0;32m  OK  [0m] Created slice system-serial\x2dgetty.slice.
         Starting Create list of required st…ce nodes for the current kernel...
         Mounting Huge Pages File System...
[[0;32m  OK  [0m] Listening on Syslog Socket.
[[0;32m  OK  [0m] Listening on fsck to fsckd communication Socket.
         Starting File System Check on Root Device...
         Starting Uncomplicated firewall...
         Starting Set the console keyboard layout...
         Mounting Kernel Debug File System...
[[0;32m  OK  [0m] Reached target Slices.
[[0;32m  OK  [0m] Listening on LVM2 metadata daemon socket.
[[0;32m  OK  [0m] Listening on LVM2 poll daemon socket.
[[0;32m  OK  [0m] Listening on Network Service Netlink Socket.
[[0;32m  OK  [0m] Reached target Swap.
[[0;32m  OK  [0m] Listening on Journal Socket (/dev/log).
         Starting Journal Service...
[[0;32m  OK  [0m] Listening on Device-mapper event daemon FIFOs.
         Starting Monitoring of LVM2 mirrors…ng dmeventd or progress polling...
[[0;32m  OK  [0m] Reached target User and Group Name Lookups.
[[0;32m  OK  [0m] Reached target Mounting snaps.
[[0;32m  OK  [0m] Reached target Mounted snaps.
[[0;32m  OK  [0m] Mounted POSIX Message Queue File System.
[[0;32m  OK  [0m] Mounted Huge Pages File System.
[[0;32m  OK  [0m] Started Uncomplicated firewall.
[[0;32m  OK  [0m] Mounted Kernel Debug File System.
[   15.145602] iscsi: registered transport (tcp)
[[0;32m  OK  [0m] Started Create list of required sta…vice nodes for the current kernel.
[[0;32m  OK  [0m] Started File System Check Daemon to report status.
         Starting Create Static Device Nodes in /dev...
[[0;32m  OK  [0m] Started LVM2 metadata daemon.
[[0;32m  OK  [0m] Started udev Coldplug all Devices.
[[0;32m  OK  [0m] Started Create Static Device Nodes in /dev.
[[0;32m  OK  [0m] Started Journal Service.
[[0;32m  OK  [0m] Started File System Check on Root Device.
         Starting Remount Root and Kernel File Systems...
[   15.309291] iscsi: registered transport (iser)
[[0;32m  OK  [0m] Started Load Kernel Modules.
         Mounting Kernel Configuration File System...
         Starting Apply Kernel Variables...
         Mounting FUSE Control File System...
[[0;32m  OK  [0m] Started Monitoring of LVM2 mirrors,…sing dmeventd or progress polling.
[[0;32m  OK  [0m] Mounted Kernel Configuration File System.
[[0;32m  OK  [0m] Mounted FUSE Control File System.
[[0;32m  OK  [0m] Started Remount Root and Kernel File Systems.
[[0;32m  OK  [0m] Started Apply Kernel Variables.
         Starting udev Kernel Device Manager...
         Starting Load/Save Random Seed...
         Starting Flush Journal to Persistent Storage...
[[0;32m  OK  [0m] Started Load/Save Random Seed.
[[0;32m  OK  [0m] Started Set the console keyboard layout.
[[0;32m  OK  [0m] Reached target Local File Systems (Pre).
[[0;32m  OK  [0m] Reached target Local File Systems.
         Starting Commit a transient machine-id on disk...
         Starting AppArmor initialization...
         Starting ebtables ruleset management...
         Starting Set console font and keymap...
         Starting Tell Plymouth To Write Out Runtime Data...
[[0;32m  OK  [0m] Started udev Kernel Device Manager.
[[0;32m  OK  [0m] Started Dispatch Password Requests to Console Directory Watch.
[[0;32m  OK  [0m] Reached target Local Encrypted Volumes.
[[0;32m  OK  [0m] Started Tell Plymouth To Write Out Runtime Data.
[[0;32m  OK  [0m] Started Set console font and keymap.
[[0;32m  OK  [0m] Started Flush Journal to Persistent Storage.
         Starting Create Volatile Files and Directories...
[[0;32m  OK  [0m] Started Commit a transient machine-id on disk.
[[0;32m  OK  [0m] Started Create Volatile Files and Directories.
         Starting Update UTMP about System Boot/Shutdown...
[[0;32m  OK  [0m] Started Update UTMP about System Boot/Shutdown.
[[0;32m  OK  [0m] Started ebtables ruleset management.
[[0;32m  OK  [0m] Found device /dev/ttyS0.
[[0;32m  OK  [0m] Listening on Load/Save RF Kill Switch Status /dev/rfkill Watch.
         Mounting Arbitrary Executable File Formats File System...
[[0;32m  OK  [0m] Mounted Arbitrary Executable File Formats File System.
[[0;32m  OK  [0m] Started AppArmor initialization.
         Starting Load AppArmor profiles managed internally by snapd...
         Starting Initial cloud-init job (pre-networking)...
[[0;32m  OK  [0m] Started Load AppArmor profiles managed internally by snapd.
[   22.156020] cloud-init[530]: Cloud-init v. 23.1.2-0ubuntu0~18.04.1 running 'init-local' at Fri, 12 May 2023 16:41:47 +0000. Up 21.77 seconds.
[[0;32m  OK  [0m] Started Initial cloud-init job (pre-networking).
[[0;32m  OK  [0m] Reached target Network (Pre).
         Starting Network Service...
[[0;32m  OK  [0m] Started Network Service.
         Starting Network Name Resolution...
         Starting Wait for Network to be Configured...
[[0;32m  OK  [0m] Started Network Name Resolution.
[[0;32m  OK  [0m] Reached target Host and Network Name Lookups.
[[0;32m  OK  [0m] Reached target Network.
[[0;32m  OK  [0m] Started Wait for Network to be Configured.
         Starting Initial cloud-init job (metadata service crawler)...
[   24.689448] cloud-init[648]: Cloud-init v. 23.1.2-0ubuntu0~18.04.1 running 'init' at Fri, 12 May 2023 16:41:50 +0000. Up 24.56 seconds.
[   24.694036] cloud-init[648]: ci-info: ++++++++++++++++++++++++++++++++++++++Net device info+++++++++++++++++++++++++++++++++++++++
[   24.699142] cloud-init[648]: ci-info: +--------+-------+----------------------------+---------------+--------+-------------------+
[   24.704043] cloud-init[648]: ci-info: | Device |   Up  |          Address           |      Mask     | Scope  |     Hw-Address    |
[   24.708522] cloud-init[648]: ci-info: +--------+-------+----------------------------+---------------+--------+-------------------+
[   24.713094] cloud-init[648]: ci-info: | enp0s3 |  True |         10.0.2.15          | 255.255.255.0 | global | 02:3e:6f:b6:28:d7 |
[   24.717733] cloud-init[648]: ci-info: | enp0s3 |  True | fe80::3e:6fff:feb6:28d7/64 |       .       |  link  | 02:3e:6f:b6:28:d7 |
[   24.721713] cloud-init[648]: ci-info: | enp0s8 | False |             .              |       .       |   .    | 08:00:27:15:69:9b |
[   24.726489] cloud-init[648]: ci-info: |   lo   |  True |         127.0.0.1          |   255.0.0.0   |  host  |         .         |
[   24.732492] cloud-init[648]: ci-info: |   lo   |  True |          ::1/128           |       .       |  host  |         .         |
[   24.736784] cloud-init[648]: ci-info: +--------+-------+----------------------------+---------------+--------+-------------------+
[   24.741575] cloud-init[648]: ci-info: ++++++++++++++++++++++++++++Route IPv4 info+++++++++++++++++++++++++++++
[   24.746267] cloud-init[648]: ci-info: +-------+-------------+----------+-----------------+-----------+-------+
[   24.754077] cloud-init[648]: ci-info: | Route | Destination | Gateway  |     Genmask     | Interface | Flags |
[   24.761135] cloud-init[648]: ci-info: +-------+-------------+----------+-----------------+-----------+-------+
[   24.767486] cloud-init[648]: ci-info: |   0   |   0.0.0.0   | 10.0.2.2 |     0.0.0.0     |   enp0s3  |   UG  |
[   24.774348] cloud-init[648]: ci-info: |   1   |   10.0.2.0  | 0.0.0.0  |  255.255.255.0  |   enp0s3  |   U   |
[   24.781376] cloud-init[648]: ci-info: |   2   |   10.0.2.2  | 0.0.0.0  | 255.255.255.255 |   enp0s3  |   UH  |
[   24.787301] cloud-init[648]: ci-info: +-------+-------------+----------+-----------------+-----------+-------+
[   24.794439] cloud-init[648]: ci-info: +++++++++++++++++++Route IPv6 info+++++++++++++++++++
[   24.799987] cloud-init[648]: ci-info: +-------+-------------+---------+-----------+-------+
[   24.806226] cloud-init[648]: ci-info: | Route | Destination | Gateway | Interface | Flags |
[   24.811164] cloud-init[648]: ci-info: +-------+-------------+---------+-----------+-------+
[   24.817299] cloud-init[648]: ci-info: |   1   |  fe80::/64  |    ::   |   enp0s3  |   U   |
[   24.822505] cloud-init[648]: ci-info: |   3   |    local    |    ::   |   enp0s3  |   U   |
[   24.828407] cloud-init[648]: ci-info: |   4   |   ff00::/8  |    ::   |   enp0s3  |   U   |
[   24.833313] cloud-init[648]: ci-info: +-------+-------------+---------+-----------+-------+
[   25.770389] cloud-init[648]: Generating public/private rsa key pair.
[   25.777569] cloud-init[648]: Your identification has been saved in /etc/ssh/ssh_host_rsa_key.
[   25.783605] cloud-init[648]: Your public key has been saved in /etc/ssh/ssh_host_rsa_key.pub.
[   25.790335] cloud-init[648]: The key fingerprint is:
[   25.794963] cloud-init[648]: SHA256:s9sKmN7IgAicCBIVaNQy59c21tVBrNPB/UGfk9HwR3w root@ubuntu-bionic
[   25.801493] cloud-init[648]: The key's randomart image is:
[   25.806792] cloud-init[648]: +---[RSA 2048]----+
[   25.811810] cloud-init[648]: |o++.        =o==o|
[   25.816432] cloud-init[648]: |.= o       . = =E|
[   25.821040] cloud-init[648]: |+ =   . . . o .+B|
[   25.825862] cloud-init[648]: |= .. . = . o .  +|
[   25.831626] cloud-init[648]: |oo  . o S   .    |
[[0;32m  OK  [0m] Started Initial cloud-init job (metadata service crawler).
[[0;32m  OK  [0m] Reached target System Initialization.
[   25.841622]          Starting LXD - unix socket.
         Starting Socket activation for snappy daemon.
[[0;32m  OK  [0m] Listening on cloud-init hotplug hook socket.
[[0;32m  OK  [0m] Started Discard unused blocks once a week.
[[0;32m  OK  [0m] Listening on UUID daemon activation socket.
[[0;32m  OK  [0m] Started Daily apt download activities.
[[0;32m  OK  [0m] Started Message of the Day.
[[0;32m  OK  [0m] Listening on Open-iSCSI iscsid Socket.
[[0;32m  OK  [0m] Listening on D-Bus System Message Bus Socket.
[[0;32m  OK  [0m] Started ACPI Events Check.
[[0;32m  OK  [0m] Reached target Paths.
[[0;32m  OK  [0m] Started Ubuntu Advantage Timer for running repeated jobs.
[[0;32m  OK  [0m] Started Daily Cleanup of Temporary Directories.
[[0;32m  OK  [0m] Listening on ACPID Listen Socket.
[[0;32m  OK  [0m] Started Daily apt upgrade and clean activities.
[[0;32m  OK  [0m] Reached target Timers.
[[0;32m  OK  [0m] Reached target Network is Online.
         Starting Availability of block devices...
[[0;32m  OK  [0m] Reached target Remote File Systems (Pre).
[[0;32m  OK  [0m] Reached target Remote File Systems.
[[0;32m  OK  [0m] Reached target Cloud-config availability.
[[0;32m  OK  [0m] Listening on LXD - unix socket.
[[0;32m  OK  [0m] Started Availability of block devices.
cloud-init[[0;32m  OK  [0m] Listening on Socket activation for snappy daemon.
[[0;32m  OK  [0m] Reached target Sockets.
[[0;32m  OK  [0m] Reached target Basic System.
         Starting LXD - container startup/shutdown...
         Starting LSB: Record successful boot for GRUB...
[[0;32m  OK  [0m] Started Deferred execution scheduler.
[[0;32m  OK  [0m] Started FUSE filesystem for LXC.
[648]: |o.   o   o       |
[   25.901068] cloud-init[648]: |o . o . .        |
[   25.901108] cloud-init[648]: |   + o . o       |
[   25.901569] cloud-init[648]: |    + . o..      |
[   25.901903] cloud-init[648]: +----[SHA256]-----+
[   25.902232] cloud-init[648]: Generating public/private dsa key pair.
[   25.902626] cloud-init[648]: Your identification has been saved in /etc/ssh/ssh_host_dsa_key.
[   25.903110] cloud-init[648]: Your public key has been saved in /etc/ssh/ssh_host_dsa_key.pub.
[   25.903490] cloud-init[648]: The key fingerprint is:
         Starting Accounts Service...
[   25.903998] cloud-init[648]: SHA256:mNoLUsmX2QWAucDzTKTTjjLyL2cr3i8fBu/92evC9xQ root@ubuntu-bionic
[[0;32m  OK  [0m] Started D-Bus System Message Bus.
[   25.925728] cloud-init[648]: The key's randomart image is:
[   25.932819] cloud-init[648]: +---[DSA 1024]----+
[   25.934884] cloud-init[648]: | . ..o...        |
[   25.937098] cloud-init[648]: |  +o+    .       |
[   25.939180] cloud-init[648]: |  o*..    .      |
[   25.941531] cloud-init[648]: |   =+. * .       |
[   25.944759] cloud-init[648]: |+ . * * S     E  |
[   25.947405] cloud-init[648]: |.+ . *         . |
[   25.950123] cloud-init[648]: |  o o =  .    .  |
[   25.952809] cloud-init[648]: |  o+++ +  oo..   |
[   25.954692] cloud-init[648]: | ..=+== ..o++o.  |
[   25.956502] cloud-init[648]: +----[SHA256]-----+
[   25.958383] cloud-init[648]: Generating public/private ecdsa key pair.
[   25.960603] cloud-init[648]: Your identification has been saved in /etc/ssh/ssh_host_ecdsa_key.
[   25.963668] cloud-init[648]: Your public key has been saved in /etc/ssh/ssh_host_ecdsa_key.pub.
[   25.966611] cloud-init[648]: The key fingerprint is:
[   25.968903] cloud-init[648]: SHA256:mcPgYKsblboT1nHyW6urRPT6V1xDjjfBK6daQqxZWMY root@ubuntu-bionic
[   25.972514] cloud-init[648]: The key's randomart image is:
[   25.974268] cloud-init[648]: +---[ECDSA 256]---+
[   25.975973] cloud-init[648]: |       .   .     |
[   25.977934] cloud-init[648]: |        E   +    |
[   25.979946] cloud-init[648]: |    + .=   + o   |
[   25.982169] cloud-init[648]: |   oo*oo+oo O    |
[   25.983927] cloud-init[648]: |   .==o=S. * o   |
[   25.985691] cloud-init[648]: |  o=..+ o.=      |
[   25.987398] cloud-init[648]: | .+.o  o *       |
[   25.989620] cloud-init[648]: |  .= .. +        |
[   25.991257] cloud-init[648]: |  o...++         |
[   25.992875] cloud-init[648]: +----[SHA256]-----+
[   25.994507] cloud-init[648]: Generating public/private ed25519 key pair.
[   25.996678] cloud-init[648]: Your identification has been saved in /etc/ssh/ssh_host_ed25519_key.
[   26.000434] cloud-init[648]: Your public key has been saved in /etc/ssh/ssh_host_ed25519_key.pub.
[   26.003549] cloud-init[648]: The key fingerprint is:
[   26.005877] cloud-init[648]: SHA256:CbTYSYqExI4N6/NF2I7tMh9m5GLbdo/KHiV/3X2ll9Q root@ubuntu-bionic
[   26.009477] cloud-init[648]: The key's randomart image is:
[   26.012790] cloud-init[648]: +--[ED25519 256]--+
[   26.015043] cloud-init[648]: |oo.   o          |
[   26.018336] cloud-init[648]: |oo . * o         |
[   26.021180] cloud-init[648]: |o+. = =          |
[   26.023244] cloud-init[648]: |o... o . .      .|
[   26.025160] cloud-init[648]: |.   =o .S      .E|
[   26.026959] cloud-init[648]: | o .o++   . . o.o|
[   26.029640] cloud-init[648]: |  ooo* . . . ..oo|
[   26.031428] cloud-init[648]: |  .+Boo.o      ..|
[   26.034231] cloud-init[648]: |   .**o...       |
[   26.035964] cloud-init[648]: +----[SHA256]-----+
         Starting Pollinate to seed the pseudo random number generator...
[[0;32m  OK  [0m] Started Regular background program processing daemon.
         Starting Permit User Sessions...
[[0;32m  OK  [0m] Reached target Login Prompts (Pre).
         Starting Dispatcher daemon for systemd-networkd...
         Starting Login Service...
         Starting Virtualbox guest utils...
[[0;32m  OK  [0m] Started irqbalance daemon.
         Starting LSB: automatic crash report generation...
         Starting System Logging Service...
         Starting Snap Daemon...
[[0;32m  OK  [0m] Started System Logging Service.
[[0;32m  OK  [0m] Started LXD - container startup/shutdown.
[[0;32m  OK  [0m] Started Permit User Sessions.
[[0;32m  OK  [0m] Started Login Service.
[[0;32m  OK  [0m] Started Unattended Upgrades Shutdown.
         Starting Authorization Manager...
         Starting Hold until boot process finishes up...
         Starting Terminate Plymouth Boot Screen...
[[0;32m  OK  [0m] Started Hold until boot process finishes up.
[[0;32m  OK  [0m] Started Serial Getty on ttyS0.
         Starting Set console scheme...
[[0;32m  OK  [0m] Started Terminate Plymouth Boot Screen.
[[0;32m  OK  [0m] Started Set console scheme.
[[0;32m  OK  [0m] Created slice system-getty.slice.
[[0;32m  OK  [0m] Started Getty on tty1.
[[0;32m  OK  [0m] Reached target Login Prompts.
[[0;32m  OK  [0m] Started LSB: Record successful boot for GRUB.
[[0;32m  OK  [0m] Started LSB: automatic crash report generation.
[[0;32m  OK  [0m] Started Authorization Manager.
[[0;32m  OK  [0m] Started Accounts Service.
[[0;32m  OK  [0m] Started Virtualbox guest utils.
[[0;32m  OK  [0m] Started Dispatcher daemon for systemd-networkd.
[[0;32m  OK  [0m] Started Pollinate to seed the pseudo random number generator.
         Starting OpenBSD Secure Shell server...
[[0;32m  OK  [0m] Started Snap Daemon.
         Starting Wait until snapd is fully seeded...
[[0;32m  OK  [0m] Started OpenBSD Secure Shell server.
[[0;32m  OK  [0m] Created slice User Slice of vagrant.
         Starting User Manager for UID 1000...
[[0;32m  OK  [0m] Started Session 1 of user vagrant.
[[0;32m  OK  [0m] Started User Manager for UID 1000.
         Starting Time & Date Service...
[[0;32m  OK  [0m] Started Time & Date Service.
[[0;32m  OK  [0m] Started Wait until snapd is fully seeded.
         Starting Apply the settings specified in cloud-config...
[   31.322148] cloud-init[1198]: Cloud-init v. 23.1.2-0ubuntu0~18.04.1 running 'modules:config' at Fri, 12 May 2023 16:41:56 +0000. Up 30.64 seconds.
[[0;32m  OK  [0m] Started Apply the settings specified in cloud-config.
[[0;32m  OK  [0m] Reached target Multi-User System.
         Starting Execute cloud user/final scripts...
[[0;32m  OK  [0m] Reached target Graphical Interface.
         Starting Update UTMP about System Runlevel Changes...
[[0;32m  OK  [0m] Started Update UTMP about System Runlevel Changes.
ci-info: no authorized SSH keys fingerprints found for user ubuntu.
<14>May 12 16:41:57 cloud-init: #############################################################
<14>May 12 16:41:57 cloud-init: -----BEGIN SSH HOST KEY FINGERPRINTS-----
<14>May 12 16:41:57 cloud-init: 1024 SHA256:mNoLUsmX2QWAucDzTKTTjjLyL2cr3i8fBu/92evC9xQ root@ubuntu-bionic (DSA)
<14>May 12 16:41:57 cloud-init: 256 SHA256:mcPgYKsblboT1nHyW6urRPT6V1xDjjfBK6daQqxZWMY root@ubuntu-bionic (ECDSA)
<14>May 12 16:41:57 cloud-init: 256 SHA256:CbTYSYqExI4N6/NF2I7tMh9m5GLbdo/KHiV/3X2ll9Q root@ubuntu-bionic (ED25519)
<14>May 12 16:41:57 cloud-init: 2048 SHA256:s9sKmN7IgAicCBIVaNQy59c21tVBrNPB/UGfk9HwR3w root@ubuntu-bionic (RSA)
<14>May 12 16:41:57 cloud-init: -----END SSH HOST KEY FINGERPRINTS-----
<14>May 12 16:41:57 cloud-init: #############################################################
-----BEGIN SSH HOST KEY KEYS-----
ecdsa-sha2-nistp256 AAAAE2VjZHNhLXNoYTItbmlzdHAyNTYAAAAIbmlzdHAyNTYAAABBBJQdxcl10zVrV+3Q0XmIw8FcsgPZlf/2Qo2O8ZogVGmQW8mQ9oG1djKlolst9zRR5lTjlgtN3YjMveIWprvOmhA= root@ubuntu-bionic
ssh-ed25519 AAAAC3NzaC1lZDI1NTE5AAAAIAFAZKgz9U62yCix70vm6YUNG8f5Z/019yHyHcbQWvMA root@ubuntu-bionic
ssh-rsa AAAAB3NzaC1yc2EAAAADAQABAAABAQCzZw0UgwJLFmW3OHLSTTAzMj6dMaj20rep0ylrG5IWrdauYeuKnNRwWLO880F+8e1vVffS6UnBeb6uBF1l17MNmN3IQFahvDdqPUtJ1EtAQqSKukyGZCojfLvgosb7hTo2P1MboY93o5zb4g090IKbvzvhCl0V1tNWDU9MR+JHDAmDeA05FI1yrJUgY5tP46LxKsGg3LDPU0Yx5VNkfxKtjSgKSbYyztTbuy52dyrV31L+MuwXO0ITGLdcn3+k51SVqKWEl4mE9DRFiteE4EkMKFuEzuHdnVn6/OLJSH3BGaJcu0cXSRBKMXXBvRkE7j6/MccJHrpDvg4WD8UCwpcv root@ubuntu-bionic
-----END SSH HOST KEY KEYS-----
[   32.169303] cloud-init[1317]: Cloud-init v. 23.1.2-0ubuntu0~18.04.1 running 'modules:final' at Fri, 12 May 2023 16:41:57 +0000. Up 31.93 seconds.
[   32.169421] cloud-init[1317]: Cloud-init v. 23.1.2-0ubuntu0~18.04.1 finished at Fri, 12 May 2023 16:41:57 +0000. Datasource DataSourceNoCloud [seed=/dev/sdb][dsmode=net].  Up 32.13 seconds

Ubuntu 18.04.6 LTS ubuntu-bionic ttyS0

ubuntu-bionic login: 